[debug] [2025-01-09T07:54:18.756Z] : 
[debug] [2025-01-09T07:54:18.791Z] : ----------------------------------------------------------------------
[debug] [2025-01-09T07:54:18.793Z] : Command:      C:\Program Files\nodejs\node.exe D:\Users\p.victorjebaraj\AppData\Roaming\npm\node_modules\zcatalyst-cli\lib\bin\catalyst.js deploy
[debug] [2025-01-09T07:54:18.793Z] : CLI Version:  1.18.0-beta.8
[debug] [2025-01-09T07:54:18.793Z] : Platform:     win32
[debug] [2025-01-09T07:54:18.794Z] : Node Version: v20.12.2
[debug] [2025-01-09T07:54:18.794Z] : Time:         Thu Jan 09 2025 13:24:18 GMT+0530 (India Standard Time)
[debug] [2025-01-09T07:54:18.795Z] : ----------------------------------------------------------------------
[debug] [2025-01-09T07:54:18.795Z] : 
[debug] [2025-01-09T07:54:19.447Z] : > authorizing via signed-in user option
[debug] [2025-01-09T07:54:19.448Z] : > command requires scopes: ["ZohoCatalyst.projects.ALL","ZohoCatalyst.functions.ALL","ZohoCatalyst.webapp.ALL","ZohoCatalyst.appsail.Update"]
[debug] [2025-01-09T07:54:19.478Z] : > refreshing access token <
[debug] [2025-01-09T07:54:19.479Z] : >>>> HTTP REQUEST : POST https://accounts.zoho.in/oauth/v2/token 
<request body omitted>

[debug] [2025-01-09T07:54:20.339Z] : <<<< HTTP RESPONSE : 200
Response Headers: {"server":"ZGS","date":"Thu, 09 Jan 2025 07:54:20 GMT","content-type":"application/json;charset=UTF-8","content-length":"168","connection":"keep-alive","cache-control":"no-store","x-content-type-options":"nosniff","pragma":"no-cache","x-frame-options":"SAMEORIGIN","content-language":"en-US","strict-transport-security":"max-age=64072000; includeSubDomains; preload"}

[debug] [2025-01-09T07:54:20.353Z] : >>>> HTTP REQUEST : GET https://api.catalyst.zoho.in/baas/v1/project/10165000000046744 

[debug] [2025-01-09T07:54:20.844Z] : <<<< HTTP RESPONSE : 200
Response Headers: {"server":"ZGS","date":"Thu, 09 Jan 2025 07:54:20 GMT","content-type":"application/vnd.catalyst.v2+json","transfer-encoding":"chunked","connection":"keep-alive","x-content-type-options":"nosniff","x-xss-protection":"1","cache-control":"private,no-cache,no-store,max-age=0,must-revalidate","pragma":"no-cache","expires":"Thu, 01 Jan 1970 00:00:00 GMT","x-frame-options":"DENY","strict-transport-security":"max-age=64072000; includeSubDomains; preload"}

[debug] [2025-01-09T07:54:20.847Z] : >>>> HTTP REQUEST : GET https://api.catalyst.zoho.in/baas/v1/project/10165000000046744/environment 

[debug] [2025-01-09T07:54:21.023Z] : <<<< HTTP RESPONSE : 200
Response Headers: {"server":"ZGS","date":"Thu, 09 Jan 2025 07:54:20 GMT","content-type":"application/vnd.catalyst.v2+json","transfer-encoding":"chunked","connection":"keep-alive","x-content-type-options":"nosniff","x-xss-protection":"1","cache-control":"private,no-cache,no-store,max-age=0,must-revalidate","pragma":"no-cache","expires":"Thu, 01 Jan 1970 00:00:00 GMT","x-frame-options":"DENY","strict-transport-security":"max-age=64072000; includeSubDomains; preload"}

[info] [2025-01-09T07:54:21.048Z] : 
[info] [2025-01-09T07:54:21.049Z] : Executing predeploy script in D:\Users\p.victorjebaraj\Documents\workspace-spring-tool-suite-4-4.22.0.RELEASE\gcmsongsheets
[debug] [2025-01-09T07:54:21.049Z] : Executing command > mvn clean package
[info] [2025-01-09T07:54:21.049Z] : > mvn clean package
[debug] [2025-01-09T07:54:59.310Z] : >>>> HTTP REQUEST : PUT https://api.catalyst.zoho.in/baas/v1/project/10165000000046744/appsail/upsert 

[debug] [2025-01-09T07:55:47.058Z] : <<<< HTTP RESPONSE : 200
Response Headers: {"server":"ZGS","date":"Thu, 09 Jan 2025 07:55:46 GMT","content-type":"application/vnd.catalyst.v2+json","transfer-encoding":"chunked","connection":"keep-alive","x-content-type-options":"nosniff","x-xss-protection":"1","cache-control":"private,no-cache,no-store,max-age=0,must-revalidate","pragma":"no-cache","expires":"Thu, 01 Jan 1970 00:00:00 GMT","x-frame-options":"DENY","strict-transport-security":"max-age=64072000; includeSubDomains; preload"}

[info] [2025-01-09T07:55:47.065Z] : 
[info] [2025-01-09T07:55:47.066Z] : i AppSail(gcmsongsheets): URL => https://gcmsongsheets-50024114314.development.catalystappsail.in
[info] [2025-01-09T07:55:47.077Z] : √ AppSail(gcmsongsheets): deploy successful
[info] [2025-01-09T07:55:47.095Z] : 
[info] [2025-01-09T07:55:47.100Z] : √ Catalyst deploy complete!
[debug] [2025-01-09T07:55:47.103Z] : NO ERRORS REGISTERED
[debug] [2025-01-09T07:55:47.104Z] : EXEC ENDED with event: deploy, message: success
[debug] [2025-01-09T07:55:47.104Z] : TOTAL DURATION OF COMMAND EXEC : 87682
[debug] [2025-01-09T08:52:45.003Z] : 
[debug] [2025-01-09T08:52:47.038Z] : ----------------------------------------------------------------------
[debug] [2025-01-09T08:52:47.042Z] : Command:      C:\Program Files\nodejs\node.exe D:\Users\p.victorjebaraj\AppData\Roaming\npm\node_modules\zcatalyst-cli\lib\bin\catalyst.js deploy
[debug] [2025-01-09T08:52:47.042Z] : CLI Version:  1.18.0-beta.8
[debug] [2025-01-09T08:52:47.042Z] : Platform:     win32
[debug] [2025-01-09T08:52:47.042Z] : Node Version: v20.12.2
[debug] [2025-01-09T08:52:47.043Z] : Time:         Thu Jan 09 2025 14:22:47 GMT+0530 (India Standard Time)
[debug] [2025-01-09T08:52:47.044Z] : ----------------------------------------------------------------------
[debug] [2025-01-09T08:52:47.044Z] : 
[debug] [2025-01-09T08:52:48.003Z] : > authorizing via signed-in user option
[debug] [2025-01-09T08:52:48.003Z] : > command requires scopes: ["ZohoCatalyst.projects.ALL","ZohoCatalyst.functions.ALL","ZohoCatalyst.webapp.ALL","ZohoCatalyst.appsail.Update"]
[debug] [2025-01-09T08:52:48.043Z] : >>>> HTTP REQUEST : GET https://api.catalyst.zoho.in/baas/v1/project/10165000000046744 

[debug] [2025-01-09T08:52:48.955Z] : <<<< HTTP RESPONSE : 200
Response Headers: {"server":"ZGS","date":"Thu, 09 Jan 2025 08:52:48 GMT","content-type":"application/vnd.catalyst.v2+json","transfer-encoding":"chunked","connection":"keep-alive","x-content-type-options":"nosniff","x-xss-protection":"1","cache-control":"private,no-cache,no-store,max-age=0,must-revalidate","pragma":"no-cache","expires":"Thu, 01 Jan 1970 00:00:00 GMT","x-frame-options":"DENY","strict-transport-security":"max-age=64072000; includeSubDomains; preload"}

[debug] [2025-01-09T08:52:48.961Z] : >>>> HTTP REQUEST : GET https://api.catalyst.zoho.in/baas/v1/project/10165000000046744/environment 

[debug] [2025-01-09T08:52:49.226Z] : <<<< HTTP RESPONSE : 200
Response Headers: {"server":"ZGS","date":"Thu, 09 Jan 2025 08:52:49 GMT","content-type":"application/vnd.catalyst.v2+json","transfer-encoding":"chunked","connection":"keep-alive","x-content-type-options":"nosniff","x-xss-protection":"1","cache-control":"private,no-cache,no-store,max-age=0,must-revalidate","pragma":"no-cache","expires":"Thu, 01 Jan 1970 00:00:00 GMT","x-frame-options":"DENY","strict-transport-security":"max-age=64072000; includeSubDomains; preload"}

[info] [2025-01-09T08:52:49.279Z] : 
[info] [2025-01-09T08:52:49.280Z] : Executing predeploy script in D:\Users\p.victorjebaraj\Documents\workspace-spring-tool-suite-4-4.22.0.RELEASE\gcmsongsheets
[debug] [2025-01-09T08:52:49.280Z] : Executing command > mvn clean package
[info] [2025-01-09T08:52:49.281Z] : > mvn clean package
[debug] [2025-01-09T08:53:27.767Z] : >>>> HTTP REQUEST : PUT https://api.catalyst.zoho.in/baas/v1/project/10165000000046744/appsail/upsert 

[debug] [2025-01-09T08:54:11.299Z] : <<<< HTTP RESPONSE : 200
Response Headers: {"server":"ZGS","date":"Thu, 09 Jan 2025 08:54:11 GMT","content-type":"application/vnd.catalyst.v2+json","transfer-encoding":"chunked","connection":"keep-alive","x-content-type-options":"nosniff","x-xss-protection":"1","cache-control":"private,no-cache,no-store,max-age=0,must-revalidate","pragma":"no-cache","expires":"Thu, 01 Jan 1970 00:00:00 GMT","x-frame-options":"DENY","strict-transport-security":"max-age=64072000; includeSubDomains; preload"}

[info] [2025-01-09T08:54:11.346Z] : 
[info] [2025-01-09T08:54:11.357Z] : i AppSail(gcmsongsheets): URL => https://gcmsongsheets-50024114314.development.catalystappsail.in
[info] [2025-01-09T08:54:11.360Z] : √ AppSail(gcmsongsheets): deploy successful
[info] [2025-01-09T08:54:11.361Z] : 
[info] [2025-01-09T08:54:11.362Z] : √ Catalyst deploy complete!
[debug] [2025-01-09T08:54:11.362Z] : NO ERRORS REGISTERED
[debug] [2025-01-09T08:54:11.362Z] : EXEC ENDED with event: deploy, message: success
[debug] [2025-01-09T08:54:11.363Z] : TOTAL DURATION OF COMMAND EXEC : 83425
[debug] [2025-01-10T07:16:49.679Z] : 
[debug] [2025-01-10T07:16:49.708Z] : ----------------------------------------------------------------------
[debug] [2025-01-10T07:16:49.711Z] : Command:      C:\Program Files\nodejs\node.exe D:\Users\p.victorjebaraj\AppData\Roaming\npm\node_modules\zcatalyst-cli\lib\bin\catalyst.js serve
[debug] [2025-01-10T07:16:49.711Z] : CLI Version:  1.18.0-beta.8
[debug] [2025-01-10T07:16:49.711Z] : Platform:     win32
[debug] [2025-01-10T07:16:49.712Z] : Node Version: v20.12.2
[debug] [2025-01-10T07:16:49.712Z] : Time:         Fri Jan 10 2025 12:46:49 GMT+0530 (India Standard Time)
[debug] [2025-01-10T07:16:49.712Z] : ----------------------------------------------------------------------
[debug] [2025-01-10T07:16:49.712Z] : 
[debug] [2025-01-10T07:16:50.321Z] : > authorizing via signed-in user option
[debug] [2025-01-10T07:16:50.321Z] : > command requires scopes: ["ZohoCatalyst.projects.ALL","ZohoCatalyst.apigateway.apis.READ","ZohoCatalyst.apigateway.READ","ZohoCatalyst.segments.ALL","ZohoCatalyst.cache.READ","ZohoCatalyst.cache.CREATE","ZohoCatalyst.cache.DELETE","ZohoCatalyst.projects.ALL","ZohoCatalyst.cron.ALL","ZohoCatalyst.zcql.CREATE","ZohoCatalyst.projects.users.READ","ZohoCatalyst.projects.users.CREATE","ZohoCatalyst.projects.users.DELETE","ZohoCatalyst.projects.users.UPDATE","ZohoCatalyst.authentication.CREATE","ZohoCatalyst.email.CREATE","ZohoCatalyst.tables.ALL","ZohoCatalyst.tables.rows.ALL","ZohoCatalyst.tables.columns.ALL","ZohoCatalyst.tables.bulk.CREATE","ZohoCatalyst.tables.bulk.READ","ZohoCatalyst.folders.ALL","ZohoCatalyst.files.CREATE","ZohoCatalyst.files.READ","ZohoCatalyst.files.DELETE","ZohoCatalyst.functions.ALL","ZohoCatalyst.functions.EXECUTE","ZohoCatalyst.eventlistners.ALL","ZohoCatalyst.eventlisteners.produce","ZohoCatalyst.security.rules.Read","ZohoCatalyst.security.rules.Update","ZohoCatalyst.notifications.mobile","ZohoCatalyst.notifications.web","ZohoCatalyst.search.READ","ZohoCatalyst.mlkit.READ","QuickML.deployment.READ","ZohoCatalyst.pdfshot.execute","ZohoCatalyst.circuits.execution.DELETE","ZohoCatalyst.circuits.execution.READ","ZohoCatalyst.circuits.execute","ZohoCatalyst.appsail.Read","ZohoCatalyst.jobpool.READ","ZohoCatalyst.job.ALL","ZohoCatalyst.nosql.READ","ZohoCatalyst.nosql.rows.ALL"]
[debug] [2025-01-10T07:16:50.341Z] : > refreshing access token <
[debug] [2025-01-10T07:16:50.342Z] : >>>> HTTP REQUEST : POST https://accounts.zoho.in/oauth/v2/token 
<request body omitted>

[debug] [2025-01-10T07:16:51.140Z] : <<<< HTTP RESPONSE : 200
Response Headers: {"server":"ZGS","date":"Fri, 10 Jan 2025 07:16:51 GMT","content-type":"application/json;charset=UTF-8","content-length":"2361","connection":"keep-alive","cache-control":"no-store","x-content-type-options":"nosniff","pragma":"no-cache","x-frame-options":"SAMEORIGIN","vary":"accept-encoding","content-language":"en-US","strict-transport-security":"max-age=64072000; includeSubDomains; preload"}

[debug] [2025-01-10T07:16:51.153Z] : >>>> HTTP REQUEST : GET https://api.catalyst.zoho.in/baas/v1/project/10165000000046744 

[debug] [2025-01-10T07:16:51.680Z] : <<<< HTTP RESPONSE : 200
Response Headers: {"server":"ZGS","date":"Fri, 10 Jan 2025 07:16:51 GMT","content-type":"application/vnd.catalyst.v2+json","transfer-encoding":"chunked","connection":"keep-alive","x-content-type-options":"nosniff","x-xss-protection":"1","cache-control":"private,no-cache,no-store,max-age=0,must-revalidate","pragma":"no-cache","expires":"Thu, 01 Jan 1970 00:00:00 GMT","x-frame-options":"DENY","strict-transport-security":"max-age=64072000; includeSubDomains; preload"}

[debug] [2025-01-10T07:16:51.682Z] : >>>> HTTP REQUEST : GET https://api.catalyst.zoho.in/baas/v1/project/10165000000046744/environment 

[debug] [2025-01-10T07:16:51.872Z] : <<<< HTTP RESPONSE : 200
Response Headers: {"server":"ZGS","date":"Fri, 10 Jan 2025 07:16:51 GMT","content-type":"application/vnd.catalyst.v2+json","transfer-encoding":"chunked","connection":"keep-alive","x-content-type-options":"nosniff","x-xss-protection":"1","cache-control":"private,no-cache,no-store,max-age=0,must-revalidate","pragma":"no-cache","expires":"Thu, 01 Jan 1970 00:00:00 GMT","x-frame-options":"DENY","strict-transport-security":"max-age=64072000; includeSubDomains; preload"}

[debug] [2025-01-10T07:16:52.397Z] : http port : '3000' is not available. Hence port '3001' will be used instead.
[debug] [2025-01-10T07:16:52.403Z] : No basic functions to add
[info] [2025-01-10T07:16:52.407Z] : 
[info] [2025-01-10T07:16:52.407Z] : Executing AppSail [PRESERVE] [gcmsongsheets] script in D:\Users\p.victorjebaraj\Documents\workspace-spring-tool-suite-4-4.22.0.RELEASE\gcmsongsheets
[debug] [2025-01-10T07:16:52.407Z] : Executing command > mvn clean package
[info] [2025-01-10T07:16:52.407Z] : > mvn clean package
[info] [2025-01-10T07:17:27.303Z] : 
[info] [2025-01-10T07:17:27.304Z] :  >>>>>>>>>>>>>> AppSail <<<<<<<<<<<<<< 
[info] [2025-01-10T07:17:27.305Z] : i gcmsongsheets: http://localhost:3001
[info] [2025-01-10T07:17:27.306Z] : 
[info] [2025-01-10T07:18:03.460Z] : Shutting down server
[info] [2025-01-10T07:18:03.470Z] : 
[info] [2025-01-10T07:18:03.471Z] : √ Shutdown complete
[debug] [2025-01-10T07:18:03.471Z] : NO ERRORS REGISTERED
[debug] [2025-01-10T07:18:03.471Z] : EXEC ENDED with event: serve, message: success
[debug] [2025-01-10T07:18:03.472Z] : TOTAL DURATION OF COMMAND EXEC : 73167
[debug] [2025-01-10T07:20:24.653Z] : 
[debug] [2025-01-10T07:20:24.679Z] : ----------------------------------------------------------------------
[debug] [2025-01-10T07:20:24.681Z] : Command:      C:\Program Files\nodejs\node.exe D:\Users\p.victorjebaraj\AppData\Roaming\npm\node_modules\zcatalyst-cli\lib\bin\catalyst.js serve
[debug] [2025-01-10T07:20:24.681Z] : CLI Version:  1.18.0-beta.8
[debug] [2025-01-10T07:20:24.681Z] : Platform:     win32
[debug] [2025-01-10T07:20:24.681Z] : Node Version: v20.12.2
[debug] [2025-01-10T07:20:24.681Z] : Time:         Fri Jan 10 2025 12:50:24 GMT+0530 (India Standard Time)
[debug] [2025-01-10T07:20:24.682Z] : ----------------------------------------------------------------------
[debug] [2025-01-10T07:20:24.682Z] : 
[debug] [2025-01-10T07:20:25.411Z] : > authorizing via signed-in user option
[debug] [2025-01-10T07:20:25.411Z] : > command requires scopes: ["ZohoCatalyst.projects.ALL","ZohoCatalyst.apigateway.apis.READ","ZohoCatalyst.apigateway.READ","ZohoCatalyst.segments.ALL","ZohoCatalyst.cache.READ","ZohoCatalyst.cache.CREATE","ZohoCatalyst.cache.DELETE","ZohoCatalyst.projects.ALL","ZohoCatalyst.cron.ALL","ZohoCatalyst.zcql.CREATE","ZohoCatalyst.projects.users.READ","ZohoCatalyst.projects.users.CREATE","ZohoCatalyst.projects.users.DELETE","ZohoCatalyst.projects.users.UPDATE","ZohoCatalyst.authentication.CREATE","ZohoCatalyst.email.CREATE","ZohoCatalyst.tables.ALL","ZohoCatalyst.tables.rows.ALL","ZohoCatalyst.tables.columns.ALL","ZohoCatalyst.tables.bulk.CREATE","ZohoCatalyst.tables.bulk.READ","ZohoCatalyst.folders.ALL","ZohoCatalyst.files.CREATE","ZohoCatalyst.files.READ","ZohoCatalyst.files.DELETE","ZohoCatalyst.functions.ALL","ZohoCatalyst.functions.EXECUTE","ZohoCatalyst.eventlistners.ALL","ZohoCatalyst.eventlisteners.produce","ZohoCatalyst.security.rules.Read","ZohoCatalyst.security.rules.Update","ZohoCatalyst.notifications.mobile","ZohoCatalyst.notifications.web","ZohoCatalyst.search.READ","ZohoCatalyst.mlkit.READ","QuickML.deployment.READ","ZohoCatalyst.pdfshot.execute","ZohoCatalyst.circuits.execution.DELETE","ZohoCatalyst.circuits.execution.READ","ZohoCatalyst.circuits.execute","ZohoCatalyst.appsail.Read","ZohoCatalyst.jobpool.READ","ZohoCatalyst.job.ALL","ZohoCatalyst.nosql.READ","ZohoCatalyst.nosql.rows.ALL"]
[debug] [2025-01-10T07:20:25.436Z] : >>>> HTTP REQUEST : GET https://api.catalyst.zoho.in/baas/v1/project/10165000000046744 

[debug] [2025-01-10T07:20:26.015Z] : <<<< HTTP RESPONSE : 200
Response Headers: {"server":"ZGS","date":"Fri, 10 Jan 2025 07:20:25 GMT","content-type":"application/vnd.catalyst.v2+json","transfer-encoding":"chunked","connection":"keep-alive","x-content-type-options":"nosniff","x-xss-protection":"1","cache-control":"private,no-cache,no-store,max-age=0,must-revalidate","pragma":"no-cache","expires":"Thu, 01 Jan 1970 00:00:00 GMT","x-frame-options":"DENY","strict-transport-security":"max-age=64072000; includeSubDomains; preload"}

[debug] [2025-01-10T07:20:26.021Z] : >>>> HTTP REQUEST : GET https://api.catalyst.zoho.in/baas/v1/project/10165000000046744/environment 

[debug] [2025-01-10T07:20:26.190Z] : <<<< HTTP RESPONSE : 200
Response Headers: {"server":"ZGS","date":"Fri, 10 Jan 2025 07:20:26 GMT","content-type":"application/vnd.catalyst.v2+json","transfer-encoding":"chunked","connection":"keep-alive","x-content-type-options":"nosniff","x-xss-protection":"1","cache-control":"private,no-cache,no-store,max-age=0,must-revalidate","pragma":"no-cache","expires":"Thu, 01 Jan 1970 00:00:00 GMT","x-frame-options":"DENY","strict-transport-security":"max-age=64072000; includeSubDomains; preload"}

[debug] [2025-01-10T07:20:26.747Z] : http port : '3000' is not available. Hence port '3001' will be used instead.
[debug] [2025-01-10T07:20:26.754Z] : No basic functions to add
[info] [2025-01-10T07:20:26.755Z] : 
[info] [2025-01-10T07:20:26.755Z] : Executing AppSail [PRESERVE] [gcmsongsheets] script in D:\Users\p.victorjebaraj\Documents\workspace-spring-tool-suite-4-4.22.0.RELEASE\gcmsongsheets
[debug] [2025-01-10T07:20:26.755Z] : Executing command > mvn clean package
[info] [2025-01-10T07:20:26.755Z] : > mvn clean package
[info] [2025-01-10T07:20:43.484Z] : 
[info] [2025-01-10T07:20:43.500Z] :  >>>>>>>>>>>>>> AppSail <<<<<<<<<<<<<< 
[info] [2025-01-10T07:20:43.503Z] : i gcmsongsheets: http://localhost:3001
[info] [2025-01-10T07:20:43.504Z] : 
[info] [2025-01-10T07:23:41.012Z] : Shutting down server
[info] [2025-01-10T07:23:41.017Z] : 
[info] [2025-01-10T07:23:41.018Z] : √ Shutdown complete
[debug] [2025-01-10T07:23:41.019Z] : NO ERRORS REGISTERED
[debug] [2025-01-10T07:23:41.019Z] : EXEC ENDED with event: serve, message: success
[debug] [2025-01-10T07:23:41.020Z] : TOTAL DURATION OF COMMAND EXEC : 195631
[debug] [2025-01-10T07:28:07.216Z] : 
[debug] [2025-01-10T07:28:07.239Z] : ----------------------------------------------------------------------
[debug] [2025-01-10T07:28:07.240Z] : Command:      C:\Program Files\nodejs\node.exe D:\Users\p.victorjebaraj\AppData\Roaming\npm\node_modules\zcatalyst-cli\lib\bin\catalyst.js serve
[debug] [2025-01-10T07:28:07.241Z] : CLI Version:  1.18.0-beta.8
[debug] [2025-01-10T07:28:07.241Z] : Platform:     win32
[debug] [2025-01-10T07:28:07.241Z] : Node Version: v20.12.2
[debug] [2025-01-10T07:28:07.241Z] : Time:         Fri Jan 10 2025 12:58:07 GMT+0530 (India Standard Time)
[debug] [2025-01-10T07:28:07.241Z] : ----------------------------------------------------------------------
[debug] [2025-01-10T07:28:07.241Z] : 
[debug] [2025-01-10T07:28:07.918Z] : > authorizing via signed-in user option
[debug] [2025-01-10T07:28:07.919Z] : > command requires scopes: ["ZohoCatalyst.projects.ALL","ZohoCatalyst.apigateway.apis.READ","ZohoCatalyst.apigateway.READ","ZohoCatalyst.segments.ALL","ZohoCatalyst.cache.READ","ZohoCatalyst.cache.CREATE","ZohoCatalyst.cache.DELETE","ZohoCatalyst.projects.ALL","ZohoCatalyst.cron.ALL","ZohoCatalyst.zcql.CREATE","ZohoCatalyst.projects.users.READ","ZohoCatalyst.projects.users.CREATE","ZohoCatalyst.projects.users.DELETE","ZohoCatalyst.projects.users.UPDATE","ZohoCatalyst.authentication.CREATE","ZohoCatalyst.email.CREATE","ZohoCatalyst.tables.ALL","ZohoCatalyst.tables.rows.ALL","ZohoCatalyst.tables.columns.ALL","ZohoCatalyst.tables.bulk.CREATE","ZohoCatalyst.tables.bulk.READ","ZohoCatalyst.folders.ALL","ZohoCatalyst.files.CREATE","ZohoCatalyst.files.READ","ZohoCatalyst.files.DELETE","ZohoCatalyst.functions.ALL","ZohoCatalyst.functions.EXECUTE","ZohoCatalyst.eventlistners.ALL","ZohoCatalyst.eventlisteners.produce","ZohoCatalyst.security.rules.Read","ZohoCatalyst.security.rules.Update","ZohoCatalyst.notifications.mobile","ZohoCatalyst.notifications.web","ZohoCatalyst.search.READ","ZohoCatalyst.mlkit.READ","QuickML.deployment.READ","ZohoCatalyst.pdfshot.execute","ZohoCatalyst.circuits.execution.DELETE","ZohoCatalyst.circuits.execution.READ","ZohoCatalyst.circuits.execute","ZohoCatalyst.appsail.Read","ZohoCatalyst.jobpool.READ","ZohoCatalyst.job.ALL","ZohoCatalyst.nosql.READ","ZohoCatalyst.nosql.rows.ALL"]
[debug] [2025-01-10T07:28:07.940Z] : >>>> HTTP REQUEST : GET https://api.catalyst.zoho.in/baas/v1/project/10165000000046744 

[debug] [2025-01-10T07:28:08.535Z] : <<<< HTTP RESPONSE : 200
Response Headers: {"server":"ZGS","date":"Fri, 10 Jan 2025 07:28:08 GMT","content-type":"application/vnd.catalyst.v2+json","transfer-encoding":"chunked","connection":"keep-alive","x-content-type-options":"nosniff","x-xss-protection":"1","cache-control":"private,no-cache,no-store,max-age=0,must-revalidate","pragma":"no-cache","expires":"Thu, 01 Jan 1970 00:00:00 GMT","x-frame-options":"DENY","strict-transport-security":"max-age=64072000; includeSubDomains; preload"}

[debug] [2025-01-10T07:28:08.540Z] : >>>> HTTP REQUEST : GET https://api.catalyst.zoho.in/baas/v1/project/10165000000046744/environment 

[debug] [2025-01-10T07:28:08.698Z] : <<<< HTTP RESPONSE : 200
Response Headers: {"server":"ZGS","date":"Fri, 10 Jan 2025 07:28:08 GMT","content-type":"application/vnd.catalyst.v2+json","transfer-encoding":"chunked","connection":"keep-alive","x-content-type-options":"nosniff","x-xss-protection":"1","cache-control":"private,no-cache,no-store,max-age=0,must-revalidate","pragma":"no-cache","expires":"Thu, 01 Jan 1970 00:00:00 GMT","x-frame-options":"DENY","strict-transport-security":"max-age=64072000; includeSubDomains; preload"}

[debug] [2025-01-10T07:28:09.328Z] : http port : '3000' is not available. Hence port '3001' will be used instead.
[debug] [2025-01-10T07:28:09.334Z] : No basic functions to add
[info] [2025-01-10T07:28:09.359Z] : 
[info] [2025-01-10T07:28:09.368Z] : Executing AppSail [PRESERVE] [gcmsongsheets] script in D:\Users\p.victorjebaraj\Documents\workspace-spring-tool-suite-4-4.22.0.RELEASE\gcmsongsheets
[debug] [2025-01-10T07:28:09.368Z] : Executing command > mvn clean package
[info] [2025-01-10T07:28:09.370Z] : > mvn clean package
[info] [2025-01-10T07:28:25.214Z] : 
[info] [2025-01-10T07:28:25.215Z] :  >>>>>>>>>>>>>> AppSail <<<<<<<<<<<<<< 
[info] [2025-01-10T07:28:25.216Z] : i gcmsongsheets: http://localhost:3001
[info] [2025-01-10T07:28:25.216Z] : 
[info] [2025-01-10T07:29:05.645Z] : Shutting down server
[info] [2025-01-10T07:29:05.650Z] : 
[info] [2025-01-10T07:29:05.651Z] : √ Shutdown complete
[debug] [2025-01-10T07:29:05.651Z] : NO ERRORS REGISTERED
[debug] [2025-01-10T07:29:05.652Z] : EXEC ENDED with event: serve, message: success
[debug] [2025-01-10T07:29:05.652Z] : TOTAL DURATION OF COMMAND EXEC : 57750
